{
  "RSpec": {
    "coverage": {
      "/home/jani/Documents/code/wadror/ratebeer/app/models/rating.rb": [
        1,
        null,
        1,
        1,
        null,
        1,
        null,
        null,
        null,
        1,
        36,
        null,
        null,
        null
      ],
      "/home/jani/Documents/code/wadror/ratebeer/app/models/brewery.rb": [
        1,
        1,
        null,
        1,
        1,
        null,
        1,
        1,
        1,
        null,
        1,
        0,
        0,
        0,
        null,
        null,
        1,
        0,
        0,
        null,
        null,
        1,
        60,
        0,
        60,
        0,
        null,
        null,
        null,
        null
      ],
      "/home/jani/Documents/code/wadror/ratebeer/app/models/concerns/rating_average.rb": [
        1,
        1,
        null,
        1,
        10,
        44,
        null,
        null,
        1,
        0,
        null,
        null,
        null
      ],
      "/home/jani/Documents/code/wadror/ratebeer/app/models/beer.rb": [
        1,
        1,
        null,
        1,
        1,
        1,
        null,
        1,
        null,
        1,
        8,
        null,
        null,
        1,
        0,
        0,
        null,
        null,
        null
      ],
      "/home/jani/Documents/code/wadror/ratebeer/app/helpers/application_helper.rb": [
        1,
        null
      ],
      "/home/jani/Documents/code/wadror/ratebeer/app/helpers/beer_clubs_helper.rb": [
        1,
        null
      ],
      "/home/jani/Documents/code/wadror/ratebeer/app/helpers/beers_helper.rb": [
        1,
        null
      ],
      "/home/jani/Documents/code/wadror/ratebeer/app/helpers/breweries_helper.rb": [
        1,
        null
      ],
      "/home/jani/Documents/code/wadror/ratebeer/app/helpers/memberships_helper.rb": [
        1,
        null
      ],
      "/home/jani/Documents/code/wadror/ratebeer/app/helpers/users_helper.rb": [
        1,
        null
      ],
      "/home/jani/Documents/code/wadror/ratebeer/app/models/user.rb": [
        1,
        1,
        null,
        1,
        1,
        1,
        1,
        1,
        null,
        1,
        null,
        1,
        null,
        null,
        null,
        1,
        11,
        10,
        null,
        null,
        1,
        10,
        10,
        10,
        11,
        11,
        11,
        11,
        null,
        null,
        10,
        null,
        null,
        1,
        10,
        10,
        10,
        34,
        34,
        33,
        33,
        null,
        null,
        10,
        null,
        null,
        1,
        1,
        11,
        null,
        null,
        1,
        34,
        null,
        null,
        1,
        45,
        121,
        null,
        null,
        1,
        21,
        null,
        null,
        1,
        44,
        null,
        null,
        null
      ],
      "/home/jani/Documents/code/wadror/ratebeer/app/controllers/sessions_controller.rb": [
        1,
        null,
        1,
        null,
        null,
        null,
        1,
        9,
        9,
        8,
        8,
        null,
        1,
        null,
        null,
        null,
        1,
        0,
        0,
        null,
        null,
        null
      ],
      "/home/jani/Documents/code/wadror/ratebeer/app/controllers/application_controller.rb": [
        1,
        null,
        null,
        1,
        null,
        1,
        null,
        1,
        140,
        98,
        null,
        null,
        1,
        7,
        null,
        null,
        null
      ],
      "/home/jani/Documents/code/wadror/ratebeer/app/controllers/users_controller.rb": [
        1,
        1,
        null,
        null,
        null,
        1,
        0,
        null,
        null,
        null,
        null,
        1,
        null,
        null,
        null,
        1,
        1,
        null,
        null,
        null,
        1,
        null,
        null,
        null,
        null,
        1,
        1,
        null,
        1,
        1,
        2,
        1,
        null,
        0,
        0,
        null,
        null,
        null,
        null,
        null,
        null,
        1,
        0,
        0,
        0,
        0,
        null,
        0,
        0,
        null,
        null,
        null,
        null,
        null,
        null,
        1,
        0,
        0,
        0,
        0,
        0,
        0,
        null,
        null,
        null,
        null,
        1,
        null,
        1,
        17,
        null,
        null,
        null,
        1,
        1,
        null,
        null
      ],
      "/home/jani/Documents/code/wadror/ratebeer/app/models/membership.rb": [
        1,
        null,
        1,
        1,
        null,
        1,
        null,
        1,
        0,
        null,
        null,
        1,
        0,
        0,
        null,
        0,
        null,
        null,
        null,
        null,
        null
      ],
      "/home/jani/Documents/code/wadror/ratebeer/app/controllers/beers_controller.rb": [
        1,
        1,
        1,
        1,
        null,
        null,
        null,
        1,
        1,
        null,
        null,
        null,
        null,
        1,
        null,
        null,
        null,
        1,
        2,
        null,
        null,
        null,
        1,
        null,
        null,
        null,
        null,
        1,
        2,
        null,
        2,
        2,
        2,
        1,
        null,
        1,
        2,
        1,
        null,
        null,
        null,
        null,
        null,
        null,
        1,
        0,
        0,
        0,
        0,
        null,
        0,
        0,
        null,
        null,
        null,
        null,
        null,
        null,
        1,
        0,
        0,
        0,
        0,
        null,
        null,
        null,
        1,
        null,
        1,
        0,
        null,
        null,
        null,
        1,
        2,
        null,
        null,
        1,
        3,
        3,
        null,
        null,
        null
      ],
      "/home/jani/Documents/code/wadror/ratebeer/app/controllers/breweries_controller.rb": [
        1,
        1,
        1,
        null,
        null,
        null,
        1,
        3,
        null,
        null,
        null,
        null,
        1,
        null,
        null,
        null,
        1,
        0,
        null,
        null,
        null,
        1,
        null,
        null,
        null,
        null,
        1,
        0,
        null,
        0,
        0,
        0,
        0,
        null,
        0,
        0,
        null,
        null,
        null,
        null,
        null,
        null,
        1,
        0,
        0,
        0,
        0,
        null,
        0,
        0,
        null,
        null,
        null,
        null,
        null,
        null,
        1,
        0,
        0,
        0,
        0,
        null,
        null,
        null,
        1,
        null,
        1,
        1,
        null,
        null,
        null,
        1,
        0,
        null,
        null
      ],
      "/home/jani/Documents/code/wadror/ratebeer/app/controllers/ratings_controller.rb": [
        1,
        1,
        1,
        null,
        1,
        1,
        null,
        null,
        1,
        1,
        null,
        null,
        1,
        1,
        null,
        1,
        1,
        1,
        null,
        0,
        0,
        null,
        null,
        null,
        1,
        1,
        1,
        1,
        null,
        null,
        1,
        null,
        1,
        1,
        null,
        null,
        null
      ]
    },
    "timestamp": 1423424936
  }
}
